<?xml version="1.0" encoding="UTF-8"?>
<!-- Generated by org.testng.reporters.JUnitReportReporter -->
<testsuite skipped="0" hostname="Krishanu-PC" name="TestCases.FlightBooking" tests="1" failures="0" timestamp="08 Aug 2017 19:44:32 GMT" time="138.616" errors="0">
  <testcase name="FlightBookingMethod" time="138.616" classname="TestCases.FlightBooking"/>
</testsuite> <!-- TestCases.FlightBooking -->
