<?xml version="1.0" encoding="UTF-8"?>
<!-- Generated by org.testng.reporters.JUnitReportReporter -->
<testsuite skipped="0" hostname="Krishanu-PC" name="com.cleartrip.TestCases.FlightBooking" tests="1" failures="0" timestamp="17 Jul 2017 18:37:08 GMT" time="80.548" errors="0">
  <testcase name="FlightBookingMethod" time="80.548" classname="com.cleartrip.TestCases.FlightBooking"/>
</testsuite> <!-- com.cleartrip.TestCases.FlightBooking -->
